# JRE version: OpenJDK Runtime Environment (8.0_242-b01) (build 1.8.0_242-release-1644-b01)
# Java VM: OpenJDK 64-Bit Server VM (25.242-b01 mixed mode windows-amd64 compressed oops)
Heap:
 PSYoungGen      total 128000K, used 31045K [0x00000000e0000000, 0x00000000e9e80000, 0x0000000100000000)
  eden space 112128K, 13% used [0x00000000e0000000,0x00000000e0ed8a78,0x00000000e6d80000)
  from space 15872K, 99% used [0x00000000e8080000,0x00000000e8ff8bc8,0x00000000e9000000)
  to   space 19456K, 0% used [0x00000000e6d80000,0x00000000e6d80000,0x00000000e8080000)
 ParOldGen       total 100352K, used 23039K [0x00000000a0000000, 0x00000000a6200000, 0x00000000e0000000)
  object space 100352K, 22% used [0x00000000a0000000,0x00000000a167fc18,0x00000000a6200000)
 Metaspace       used 54265K, capacity 55450K, committed 55728K, reserved 1097728K
  class space    used 7377K, capacity 7745K, committed 7856K, reserved 1048576K
GC Heap History (10 events):
Event: 8.285 GC heap before
{Heap before GC invocations=10 (full 1):
 PSYoungGen      total 86016K, used 40429K [0x00000000e0000000, 0x00000000e6e80000, 0x0000000100000000)
  eden space 75264K, 41% used [0x00000000e0000000,0x00000000e1e9b7f0,0x00000000e4980000)
  from space 10752K, 84% used [0x00000000e5480000,0x00000000e5d5fd50,0x00000000e5f00000)
  to   space 11264K, 0% used [0x00000000e4980000,0x00000000e4980000,0x00000000e5480000)
 ParOldGen       total 64512K, used 9822K [0x00000000a0000000, 0x00000000a3f00000, 0x00000000e0000000)
  object space 64512K, 15% used [0x00000000a0000000,0x00000000a0997a18,0x00000000a3f00000)
 Metaspace       used 34763K, capacity 35370K, committed 35496K, reserved 1079296K
  class space    used 4861K, capacity 5087K, committed 5168K, reserved 1048576K
Event: 8.303 GC heap after
Heap after GC invocations=10 (full 1):
 PSYoungGen      total 86528K, used 10137K [0x00000000e0000000, 0x00000000e7a80000, 0x0000000100000000)
  eden space 75264K, 0% used [0x00000000e0000000,0x00000000e0000000,0x00000000e4980000)
  from space 11264K, 90% used [0x00000000e4980000,0x00000000e5366718,0x00000000e5480000)
  to   space 12288K, 0% used [0x00000000e6e80000,0x00000000e6e80000,0x00000000e7a80000)
 ParOldGen       total 64512K, used 9830K [0x00000000a0000000, 0x00000000a3f00000, 0x00000000e0000000)
  object space 64512K, 15% used [0x00000000a0000000,0x00000000a0999a18,0x00000000a3f00000)
 Metaspace       used 34763K, capacity 35370K, committed 35496K, reserved 1079296K
  class space    used 4861K, capacity 5087K, committed 5168K, reserved 1048576K
}
Event: 8.303 GC heap before
{Heap before GC invocations=11 (full 2):
 PSYoungGen      total 86528K, used 10137K [0x00000000e0000000, 0x00000000e7a80000, 0x0000000100000000)
  eden space 75264K, 0% used [0x00000000e0000000,0x00000000e0000000,0x00000000e4980000)
  from space 11264K, 90% used [0x00000000e4980000,0x00000000e5366718,0x00000000e5480000)
  to   space 12288K, 0% used [0x00000000e6e80000,0x00000000e6e80000,0x00000000e7a80000)
 ParOldGen       total 64512K, used 9830K [0x00000000a0000000, 0x00000000a3f00000, 0x00000000e0000000)
  object space 64512K, 15% used [0x00000000a0000000,0x00000000a0999a18,0x00000000a3f00000)
 Metaspace       used 34763K, capacity 35370K, committed 35496K, reserved 1079296K
  class space    used 4861K, capacity 5087K, committed 5168K, reserved 1048576K
Event: 8.432 GC heap after
Heap after GC invocations=11 (full 2):
 PSYoungGen      total 86528K, used 0K [0x00000000e0000000, 0x00000000e7a80000, 0x0000000100000000)
  eden space 75264K, 0% used [0x00000000e0000000,0x00000000e0000000,0x00000000e4980000)
  from space 11264K, 0% used [0x00000000e4980000,0x00000000e4980000,0x00000000e5480000)
  to   space 12288K, 0% used [0x00000000e6e80000,0x00000000e6e80000,0x00000000e7a80000)
 ParOldGen       total 100352K, used 16912K [0x00000000a0000000, 0x00000000a6200000, 0x00000000e0000000)
  object space 100352K, 16% used [0x00000000a0000000,0x00000000a1084240,0x00000000a6200000)
 Metaspace       used 34763K, capacity 35370K, committed 35496K, reserved 1079296K
  class space    used 4861K, capacity 5087K, committed 5168K, reserved 1048576K
}
Event: 9.780 GC heap before
{Heap before GC invocations=12 (full 2):
 PSYoungGen      total 86528K, used 75264K [0x00000000e0000000, 0x00000000e7a80000, 0x0000000100000000)
  eden space 75264K, 100% used [0x00000000e0000000,0x00000000e4980000,0x00000000e4980000)
  from space 11264K, 0% used [0x00000000e4980000,0x00000000e4980000,0x00000000e5480000)
  to   space 12288K, 0% used [0x00000000e6e80000,0x00000000e6e80000,0x00000000e7a80000)
 ParOldGen       total 100352K, used 16912K [0x00000000a0000000, 0x00000000a6200000, 0x00000000e0000000)
  object space 100352K, 16% used [0x00000000a0000000,0x00000000a1084240,0x00000000a6200000)
 Metaspace       used 41915K, capacity 42640K, committed 42928K, reserved 1085440K
  class space    used 5679K, capacity 5940K, committed 6064K, reserved 1048576K
Event: 9.796 GC heap after
Heap after GC invocations=12 (full 2):
 PSYoungGen      total 105472K, used 11974K [0x00000000e0000000, 0x00000000e7a80000, 0x0000000100000000)
  eden space 93184K, 0% used [0x00000000e0000000,0x00000000e0000000,0x00000000e5b00000)
  from space 12288K, 97% used [0x00000000e6e80000,0x00000000e7a319a8,0x00000000e7a80000)
  to   space 13824K, 0% used [0x00000000e5f80000,0x00000000e5f80000,0x00000000e6d00000)
 ParOldGen       total 100352K, used 16920K [0x00000000a0000000, 0x00000000a6200000, 0x00000000e0000000)
  object space 100352K, 16% used [0x00000000a0000000,0x00000000a1086240,0x00000000a6200000)
 Metaspace       used 41915K, capacity 42640K, committed 42928K, reserved 1085440K
  class space    used 5679K, capacity 5940K, committed 6064K, reserved 1048576K
}
Event: 11.161 GC heap before
{Heap before GC invocations=13 (full 2):
 PSYoungGen      total 105472K, used 105158K [0x00000000e0000000, 0x00000000e7a80000, 0x0000000100000000)
  eden space 93184K, 100% used [0x00000000e0000000,0x00000000e5b00000,0x00000000e5b00000)
  from space 12288K, 97% used [0x00000000e6e80000,0x00000000e7a319a8,0x00000000e7a80000)
  to   space 13824K, 0% used [0x00000000e5f80000,0x00000000e5f80000,0x00000000e6d00000)
 ParOldGen       total 100352K, used 16920K [0x00000000a0000000, 0x00000000a6200000, 0x00000000e0000000)
  object space 100352K, 16% used [0x00000000a0000000,0x00000000a1086240,0x00000000a6200000)
 Metaspace       used 48506K, capacity 49532K, committed 49840K, reserved 1091584K
  class space    used 6616K, capacity 6962K, committed 7088K, reserved 1048576K
Event: 11.190 GC heap after
Heap after GC invocations=13 (full 2):
 PSYoungGen      total 111616K, used 13805K [0x00000000e0000000, 0x00000000e9000000, 0x0000000100000000)
  eden space 97792K, 0% used [0x00000000e0000000,0x00000000e0000000,0x00000000e5f80000)
  from space 13824K, 99% used [0x00000000e5f80000,0x00000000e6cfb690,0x00000000e6d00000)
  to   space 15872K, 0% used [0x00000000e8080000,0x00000000e8080000,0x00000000e9000000)
 ParOldGen       total 100352K, used 18624K [0x00000000a0000000, 0x00000000a6200000, 0x00000000e0000000)
  object space 100352K, 18% used [0x00000000a0000000,0x00000000a1230268,0x00000000a6200000)
 Metaspace       used 48506K, capacity 49532K, committed 49840K, reserved 1091584K
  class space    used 6616K, capacity 6962K, committed 7088K, reserved 1048576K
}
Event: 12.453 GC heap before
{Heap before GC invocations=14 (full 2):
 PSYoungGen      total 111616K, used 111597K [0x00000000e0000000, 0x00000000e9000000, 0x0000000100000000)
  eden space 97792K, 100% used [0x00000000e0000000,0x00000000e5f80000,0x00000000e5f80000)
  from space 13824K, 99% used [0x00000000e5f80000,0x00000000e6cfb690,0x00000000e6d00000)
  to   space 15872K, 0% used [0x00000000e8080000,0x00000000e8080000,0x00000000e9000000)
 ParOldGen       total 100352K, used 18624K [0x00000000a0000000, 0x00000000a6200000, 0x00000000e0000000)
  object space 100352K, 18% used [0x00000000a0000000,0x00000000a1230268,0x00000000a6200000)
 Metaspace       used 53199K, capacity 54462K, committed 54832K, reserved 1095680K
  class space    used 7213K, capacity 7609K, committed 7728K, reserved 1048576K
Event: 12.491 GC heap after
Heap after GC invocations=14 (full 2):
 PSYoungGen      total 128000K, used 15842K [0x00000000e0000000, 0x00000000e9e80000, 0x0000000100000000)
  eden space 112128K, 0% used [0x00000000e0000000,0x00000000e0000000,0x00000000e6d80000)
  from space 15872K, 99% used [0x00000000e8080000,0x00000000e8ff8bc8,0x00000000e9000000)
  to   space 19456K, 0% used [0x00000000e6d80000,0x00000000e6d80000,0x00000000e8080000)
 ParOldGen       total 100352K, used 23039K [0x00000000a0000000, 0x00000000a6200000, 0x00000000e0000000)
  object space 100352K, 22% used [0x00000000a0000000,0x00000000a167fc18,0x00000000a6200000)
 Metaspace       used 53199K, capacity 54462K, committed 54832K, reserved 1095680K
  class space    used 7213K, capacity 7609K, committed 7728K, reserved 1048576K
}

