# JRE version: OpenJDK Runtime Environment (8.0_242-b01) (build 1.8.0_242-release-1644-b01)
# Java VM: OpenJDK 64-Bit Server VM (25.242-b01 mixed mode windows-amd64 compressed oops)
Heap:
 PSYoungGen      total 59392K, used 18813K [0x00000000e0000000, 0x00000000e4680000, 0x0000000100000000)
  eden space 48640K, 26% used [0x00000000e0000000,0x00000000e0c6d438,0x00000000e2f80000)
  from space 10752K, 56% used [0x00000000e3980000,0x00000000e3f720a8,0x00000000e4400000)
  to   space 10240K, 0% used [0x00000000e2f80000,0x00000000e2f80000,0x00000000e3980000)
 ParOldGen       total 67072K, used 9818K [0x00000000a0000000, 0x00000000a4180000, 0x00000000e0000000)
  object space 67072K, 14% used [0x00000000a0000000,0x00000000a0996848,0x00000000a4180000)
 Metaspace       used 29642K, capacity 30050K, committed 30256K, reserved 1075200K
  class space    used 4134K, capacity 4316K, committed 4400K, reserved 1048576K
GC Heap History (10 events):
Event: 6.914 GC heap before
{Heap before GC invocations=5 (full 0):
 PSYoungGen      total 38400K, used 38384K [0x00000000e0000000, 0x00000000e2a80000, 0x0000000100000000)
  eden space 33280K, 100% used [0x00000000e0000000,0x00000000e2080000,0x00000000e2080000)
  from space 5120K, 99% used [0x00000000e2580000,0x00000000e2a7c010,0x00000000e2a80000)
  to   space 5120K, 0% used [0x00000000e2080000,0x00000000e2080000,0x00000000e2580000)
 ParOldGen       total 87552K, used 5185K [0x00000000a0000000, 0x00000000a5580000, 0x00000000e0000000)
  object space 87552K, 5% used [0x00000000a0000000,0x00000000a0510698,0x00000000a5580000)
 Metaspace       used 20774K, capacity 21216K, committed 21296K, reserved 1067008K
  class space    used 2903K, capacity 3082K, committed 3120K, reserved 1048576K
Event: 6.926 GC heap after
Heap after GC invocations=5 (full 0):
 PSYoungGen      total 37888K, used 5108K [0x00000000e0000000, 0x00000000e3600000, 0x0000000100000000)
  eden space 32768K, 0% used [0x00000000e0000000,0x00000000e0000000,0x00000000e2000000)
  from space 5120K, 99% used [0x00000000e2080000,0x00000000e257d060,0x00000000e2580000)
  to   space 11264K, 0% used [0x00000000e2b00000,0x00000000e2b00000,0x00000000e3600000)
 ParOldGen       total 87552K, used 9710K [0x00000000a0000000, 0x00000000a5580000, 0x00000000e0000000)
  object space 87552K, 11% used [0x00000000a0000000,0x00000000a097b858,0x00000000a5580000)
 Metaspace       used 20774K, capacity 21216K, committed 21296K, reserved 1067008K
  class space    used 2903K, capacity 3082K, committed 3120K, reserved 1048576K
}
Event: 6.926 GC heap before
{Heap before GC invocations=6 (full 1):
 PSYoungGen      total 37888K, used 5108K [0x00000000e0000000, 0x00000000e3600000, 0x0000000100000000)
  eden space 32768K, 0% used [0x00000000e0000000,0x00000000e0000000,0x00000000e2000000)
  from space 5120K, 99% used [0x00000000e2080000,0x00000000e257d060,0x00000000e2580000)
  to   space 11264K, 0% used [0x00000000e2b00000,0x00000000e2b00000,0x00000000e3600000)
 ParOldGen       total 87552K, used 9710K [0x00000000a0000000, 0x00000000a5580000, 0x00000000e0000000)
  object space 87552K, 11% used [0x00000000a0000000,0x00000000a097b858,0x00000000a5580000)
 Metaspace       used 20774K, capacity 21216K, committed 21296K, reserved 1067008K
  class space    used 2903K, capacity 3082K, committed 3120K, reserved 1048576K
Event: 7.005 GC heap after
Heap after GC invocations=6 (full 1):
 PSYoungGen      total 37888K, used 0K [0x00000000e0000000, 0x00000000e3600000, 0x0000000100000000)
  eden space 32768K, 0% used [0x00000000e0000000,0x00000000e0000000,0x00000000e2000000)
  from space 5120K, 0% used [0x00000000e2080000,0x00000000e2080000,0x00000000e2580000)
  to   space 11264K, 0% used [0x00000000e2b00000,0x00000000e2b00000,0x00000000e3600000)
 ParOldGen       total 67072K, used 9794K [0x00000000a0000000, 0x00000000a4180000, 0x00000000e0000000)
  object space 67072K, 14% used [0x00000000a0000000,0x00000000a0990848,0x00000000a4180000)
 Metaspace       used 20774K, capacity 21216K, committed 21296K, reserved 1067008K
  class space    used 2903K, capacity 3082K, committed 3120K, reserved 1048576K
}
Event: 8.214 GC heap before
{Heap before GC invocations=7 (full 1):
 PSYoungGen      total 37888K, used 32768K [0x00000000e0000000, 0x00000000e3600000, 0x0000000100000000)
  eden space 32768K, 100% used [0x00000000e0000000,0x00000000e2000000,0x00000000e2000000)
  from space 5120K, 0% used [0x00000000e2080000,0x00000000e2080000,0x00000000e2580000)
  to   space 11264K, 0% used [0x00000000e2b00000,0x00000000e2b00000,0x00000000e3600000)
 ParOldGen       total 67072K, used 9794K [0x00000000a0000000, 0x00000000a4180000, 0x00000000e0000000)
  object space 67072K, 14% used [0x00000000a0000000,0x00000000a0990848,0x00000000a4180000)
 Metaspace       used 24621K, capacity 25042K, committed 25136K, reserved 1071104K
  class space    used 3380K, capacity 3566K, committed 3632K, reserved 1048576K
Event: 8.221 GC heap after
Heap after GC invocations=7 (full 1):
 PSYoungGen      total 44032K, used 3961K [0x00000000e0000000, 0x00000000e4400000, 0x0000000100000000)
  eden space 32768K, 0% used [0x00000000e0000000,0x00000000e0000000,0x00000000e2000000)
  from space 11264K, 35% used [0x00000000e2b00000,0x00000000e2ede430,0x00000000e3600000)
  to   space 11264K, 0% used [0x00000000e2000000,0x00000000e2000000,0x00000000e2b00000)
 ParOldGen       total 67072K, used 9802K [0x00000000a0000000, 0x00000000a4180000, 0x00000000e0000000)
  object space 67072K, 14% used [0x00000000a0000000,0x00000000a0992848,0x00000000a4180000)
 Metaspace       used 24621K, capacity 25042K, committed 25136K, reserved 1071104K
  class space    used 3380K, capacity 3566K, committed 3632K, reserved 1048576K
}
Event: 8.881 GC heap before
{Heap before GC invocations=8 (full 1):
 PSYoungGen      total 44032K, used 36729K [0x00000000e0000000, 0x00000000e4400000, 0x0000000100000000)
  eden space 32768K, 100% used [0x00000000e0000000,0x00000000e2000000,0x00000000e2000000)
  from space 11264K, 35% used [0x00000000e2b00000,0x00000000e2ede430,0x00000000e3600000)
  to   space 11264K, 0% used [0x00000000e2000000,0x00000000e2000000,0x00000000e2b00000)
 ParOldGen       total 67072K, used 9802K [0x00000000a0000000, 0x00000000a4180000, 0x00000000e0000000)
  object space 67072K, 14% used [0x00000000a0000000,0x00000000a0992848,0x00000000a4180000)
 Metaspace       used 27145K, capacity 27574K, committed 27824K, reserved 1073152K
  class space    used 3721K, capacity 3897K, committed 4016K, reserved 1048576K
Event: 8.889 GC heap after
Heap after GC invocations=8 (full 1):
 PSYoungGen      total 44032K, used 5144K [0x00000000e0000000, 0x00000000e4400000, 0x0000000100000000)
  eden space 32768K, 0% used [0x00000000e0000000,0x00000000e0000000,0x00000000e2000000)
  from space 11264K, 45% used [0x00000000e2000000,0x00000000e2506158,0x00000000e2b00000)
  to   space 10752K, 0% used [0x00000000e3980000,0x00000000e3980000,0x00000000e4400000)
 ParOldGen       total 67072K, used 9810K [0x00000000a0000000, 0x00000000a4180000, 0x00000000e0000000)
  object space 67072K, 14% used [0x00000000a0000000,0x00000000a0994848,0x00000000a4180000)
 Metaspace       used 27145K, capacity 27574K, committed 27824K, reserved 1073152K
  class space    used 3721K, capacity 3897K, committed 4016K, reserved 1048576K
}
Event: 9.352 GC heap before
{Heap before GC invocations=9 (full 1):
 PSYoungGen      total 44032K, used 37912K [0x00000000e0000000, 0x00000000e4400000, 0x0000000100000000)
  eden space 32768K, 100% used [0x00000000e0000000,0x00000000e2000000,0x00000000e2000000)
  from space 11264K, 45% used [0x00000000e2000000,0x00000000e2506158,0x00000000e2b00000)
  to   space 10752K, 0% used [0x00000000e3980000,0x00000000e3980000,0x00000000e4400000)
 ParOldGen       total 67072K, used 9810K [0x00000000a0000000, 0x00000000a4180000, 0x00000000e0000000)
  object space 67072K, 14% used [0x00000000a0000000,0x00000000a0994848,0x00000000a4180000)
 Metaspace       used 28957K, capacity 29378K, committed 29616K, reserved 1075200K
  class space    used 4034K, capacity 4220K, committed 4272K, reserved 1048576K
Event: 9.368 GC heap after
Heap after GC invocations=9 (full 1):
 PSYoungGen      total 59392K, used 6088K [0x00000000e0000000, 0x00000000e4680000, 0x0000000100000000)
  eden space 48640K, 0% used [0x00000000e0000000,0x00000000e0000000,0x00000000e2f80000)
  from space 10752K, 56% used [0x00000000e3980000,0x00000000e3f720a8,0x00000000e4400000)
  to   space 10240K, 0% used [0x00000000e2f80000,0x00000000e2f80000,0x00000000e3980000)
 ParOldGen       total 67072K, used 9818K [0x00000000a0000000, 0x00000000a4180000, 0x00000000e0000000)
  object space 67072K, 14% used [0x00000000a0000000,0x00000000a0996848,0x00000000a4180000)
 Metaspace       used 28957K, capacity 29378K, committed 29616K, reserved 1075200K
  class space    used 4034K, capacity 4220K, committed 4272K, reserved 1048576K
}

