# JRE version: OpenJDK Runtime Environment (8.0_242-b01) (build 1.8.0_242-release-1644-b01)
# Java VM: OpenJDK 64-Bit Server VM (25.242-b01 mixed mode windows-amd64 compressed oops)
Heap:
 PSYoungGen      total 154624K, used 57210K [0x00000000e0000000, 0x00000000eb080000, 0x0000000100000000)
  eden space 140800K, 31% used [0x00000000e0000000,0x00000000e2ba3bc0,0x00000000e8980000)
  from space 13824K, 90% used [0x00000000ea300000,0x00000000eaf3acf8,0x00000000eb080000)
  to   space 19968K, 0% used [0x00000000e8980000,0x00000000e8980000,0x00000000e9d00000)
 ParOldGen       total 99328K, used 38326K [0x00000000a0000000, 0x00000000a6100000, 0x00000000e0000000)
  object space 99328K, 38% used [0x00000000a0000000,0x00000000a256d940,0x00000000a6100000)
 Metaspace       used 61779K, capacity 63862K, committed 64048K, reserved 1103872K
  class space    used 8353K, capacity 8953K, committed 9008K, reserved 1048576K
GC Heap History (10 events):
Event: 16.338 GC heap before
{Heap before GC invocations=13 (full 2):
 PSYoungGen      total 110080K, used 110049K [0x00000000e0000000, 0x00000000e7d00000, 0x0000000100000000)
  eden space 97792K, 100% used [0x00000000e0000000,0x00000000e5f80000,0x00000000e5f80000)
  from space 12288K, 99% used [0x00000000e7100000,0x00000000e7cf8400,0x00000000e7d00000)
  to   space 13824K, 0% used [0x00000000e6200000,0x00000000e6200000,0x00000000e6f80000)
 ParOldGen       total 99328K, used 17048K [0x00000000a0000000, 0x00000000a6100000, 0x00000000e0000000)
  object space 99328K, 17% used [0x00000000a0000000,0x00000000a10a6300,0x00000000a6100000)
 Metaspace       used 48654K, capacity 49600K, committed 49840K, reserved 1091584K
  class space    used 6619K, capacity 6962K, committed 7088K, reserved 1048576K
Event: 16.365 GC heap after
Heap after GC invocations=13 (full 2):
 PSYoungGen      total 114176K, used 13817K [0x00000000e0000000, 0x00000000e9500000, 0x0000000100000000)
  eden space 100352K, 0% used [0x00000000e0000000,0x00000000e0000000,0x00000000e6200000)
  from space 13824K, 99% used [0x00000000e6200000,0x00000000e6f7e5b8,0x00000000e6f80000)
  to   space 16384K, 0% used [0x00000000e8500000,0x00000000e8500000,0x00000000e9500000)
 ParOldGen       total 99328K, used 19112K [0x00000000a0000000, 0x00000000a6100000, 0x00000000e0000000)
  object space 99328K, 19% used [0x00000000a0000000,0x00000000a12aa1b8,0x00000000a6100000)
 Metaspace       used 48654K, capacity 49600K, committed 49840K, reserved 1091584K
  class space    used 6619K, capacity 6962K, committed 7088K, reserved 1048576K
}
Event: 19.689 GC heap before
{Heap before GC invocations=14 (full 2):
 PSYoungGen      total 114176K, used 114169K [0x00000000e0000000, 0x00000000e9500000, 0x0000000100000000)
  eden space 100352K, 100% used [0x00000000e0000000,0x00000000e6200000,0x00000000e6200000)
  from space 13824K, 99% used [0x00000000e6200000,0x00000000e6f7e5b8,0x00000000e6f80000)
  to   space 16384K, 0% used [0x00000000e8500000,0x00000000e8500000,0x00000000e9500000)
 ParOldGen       total 99328K, used 19112K [0x00000000a0000000, 0x00000000a6100000, 0x00000000e0000000)
  object space 99328K, 19% used [0x00000000a0000000,0x00000000a12aa1b8,0x00000000a6100000)
 Metaspace       used 53966K, capacity 55198K, committed 55344K, reserved 1097728K
  class space    used 7303K, capacity 7705K, committed 7728K, reserved 1048576K
Event: 19.721 GC heap after
Heap after GC invocations=14 (full 2):
 PSYoungGen      total 134656K, used 14605K [0x00000000e0000000, 0x00000000e9b00000, 0x0000000100000000)
  eden space 118272K, 0% used [0x00000000e0000000,0x00000000e0000000,0x00000000e7380000)
  from space 16384K, 89% used [0x00000000e8500000,0x00000000e93436d8,0x00000000e9500000)
  to   space 17920K, 0% used [0x00000000e7380000,0x00000000e7380000,0x00000000e8500000)
 ParOldGen       total 99328K, used 25772K [0x00000000a0000000, 0x00000000a6100000, 0x00000000e0000000)
  object space 99328K, 25% used [0x00000000a0000000,0x00000000a192b350,0x00000000a6100000)
 Metaspace       used 53966K, capacity 55198K, committed 55344K, reserved 1097728K
  class space    used 7303K, capacity 7705K, committed 7728K, reserved 1048576K
}
Event: 21.396 GC heap before
{Heap before GC invocations=15 (full 2):
 PSYoungGen      total 134656K, used 81339K [0x00000000e0000000, 0x00000000e9b00000, 0x0000000100000000)
  eden space 118272K, 56% used [0x00000000e0000000,0x00000000e412b8b8,0x00000000e7380000)
  from space 16384K, 89% used [0x00000000e8500000,0x00000000e93436d8,0x00000000e9500000)
  to   space 17920K, 0% used [0x00000000e7380000,0x00000000e7380000,0x00000000e8500000)
 ParOldGen       total 99328K, used 25772K [0x00000000a0000000, 0x00000000a6100000, 0x00000000e0000000)
  object space 99328K, 25% used [0x00000000a0000000,0x00000000a192b350,0x00000000a6100000)
 Metaspace       used 57425K, capacity 59112K, committed 59160K, reserved 1099776K
  class space    used 7830K, capacity 8339K, committed 8368K, reserved 1048576K
Event: 21.425 GC heap after
Heap after GC invocations=15 (full 2):
 PSYoungGen      total 136192K, used 17433K [0x00000000e0000000, 0x00000000eb680000, 0x0000000100000000)
  eden space 118272K, 0% used [0x00000000e0000000,0x00000000e0000000,0x00000000e7380000)
  from space 17920K, 97% used [0x00000000e7380000,0x00000000e8486550,0x00000000e8500000)
  to   space 19968K, 0% used [0x00000000ea300000,0x00000000ea300000,0x00000000eb680000)
 ParOldGen       total 99328K, used 25780K [0x00000000a0000000, 0x00000000a6100000, 0x00000000e0000000)
  object space 99328K, 25% used [0x00000000a0000000,0x00000000a192d350,0x00000000a6100000)
 Metaspace       used 57425K, capacity 59112K, committed 59160K, reserved 1099776K
  class space    used 7830K, capacity 8339K, committed 8368K, reserved 1048576K
}
Event: 21.425 GC heap before
{Heap before GC invocations=16 (full 3):
 PSYoungGen      total 136192K, used 17433K [0x00000000e0000000, 0x00000000eb680000, 0x0000000100000000)
  eden space 118272K, 0% used [0x00000000e0000000,0x00000000e0000000,0x00000000e7380000)
  from space 17920K, 97% used [0x00000000e7380000,0x00000000e8486550,0x00000000e8500000)
  to   space 19968K, 0% used [0x00000000ea300000,0x00000000ea300000,0x00000000eb680000)
 ParOldGen       total 99328K, used 25780K [0x00000000a0000000, 0x00000000a6100000, 0x00000000e0000000)
  object space 99328K, 25% used [0x00000000a0000000,0x00000000a192d350,0x00000000a6100000)
 Metaspace       used 57425K, capacity 59112K, committed 59160K, reserved 1099776K
  class space    used 7830K, capacity 8339K, committed 8368K, reserved 1048576K
Event: 21.808 GC heap after
Heap after GC invocations=16 (full 3):
 PSYoungGen      total 136192K, used 0K [0x00000000e0000000, 0x00000000eb680000, 0x0000000100000000)
  eden space 118272K, 0% used [0x00000000e0000000,0x00000000e0000000,0x00000000e7380000)
  from space 17920K, 0% used [0x00000000e7380000,0x00000000e7380000,0x00000000e8500000)
  to   space 19968K, 0% used [0x00000000ea300000,0x00000000ea300000,0x00000000eb680000)
 ParOldGen       total 99328K, used 38318K [0x00000000a0000000, 0x00000000a6100000, 0x00000000e0000000)
  object space 99328K, 38% used [0x00000000a0000000,0x00000000a256b940,0x00000000a6100000)
 Metaspace       used 57425K, capacity 59112K, committed 59160K, reserved 1099776K
  class space    used 7830K, capacity 8339K, committed 8368K, reserved 1048576K
}
Event: 25.917 GC heap before
{Heap before GC invocations=17 (full 3):
 PSYoungGen      total 136192K, used 118272K [0x00000000e0000000, 0x00000000eb680000, 0x0000000100000000)
  eden space 118272K, 100% used [0x00000000e0000000,0x00000000e7380000,0x00000000e7380000)
  from space 17920K, 0% used [0x00000000e7380000,0x00000000e7380000,0x00000000e8500000)
  to   space 19968K, 0% used [0x00000000ea300000,0x00000000ea300000,0x00000000eb680000)
 ParOldGen       total 99328K, used 38318K [0x00000000a0000000, 0x00000000a6100000, 0x00000000e0000000)
  object space 99328K, 38% used [0x00000000a0000000,0x00000000a256b940,0x00000000a6100000)
 Metaspace       used 60613K, capacity 62600K, committed 62896K, reserved 1103872K
  class space    used 8198K, capacity 8780K, committed 8880K, reserved 1048576K
Event: 25.944 GC heap after
Heap after GC invocations=17 (full 3):
 PSYoungGen      total 154624K, used 12523K [0x00000000e0000000, 0x00000000eb080000, 0x0000000100000000)
  eden space 140800K, 0% used [0x00000000e0000000,0x00000000e0000000,0x00000000e8980000)
  from space 13824K, 90% used [0x00000000ea300000,0x00000000eaf3acf8,0x00000000eb080000)
  to   space 19968K, 0% used [0x00000000e8980000,0x00000000e8980000,0x00000000e9d00000)
 ParOldGen       total 99328K, used 38326K [0x00000000a0000000, 0x00000000a6100000, 0x00000000e0000000)
  object space 99328K, 38% used [0x00000000a0000000,0x00000000a256d940,0x00000000a6100000)
 Metaspace       used 60613K, capacity 62600K, committed 62896K, reserved 1103872K
  class space    used 8198K, capacity 8780K, committed 8880K, reserved 1048576K
}

