# JRE version: OpenJDK Runtime Environment (8.0_242-b01) (build 1.8.0_242-release-1644-b01)
# Java VM: OpenJDK 64-Bit Server VM (25.242-b01 mixed mode windows-amd64 compressed oops)
Heap:
 PSYoungGen      total 434176K, used 293496K [0x00000000e0000000, 0x0000000100000000, 0x0000000100000000)
  eden space 344064K, 59% used [0x00000000e0000000,0x00000000ec6a2308,0x00000000f5000000)
  from space 90112K, 99% used [0x00000000f5000000,0x00000000fa7fc008,0x00000000fa800000)
  to   space 90112K, 0% used [0x00000000fa800000,0x00000000fa800000,0x0000000100000000)
 ParOldGen       total 373248K, used 149771K [0x00000000a0000000, 0x00000000b6c80000, 0x00000000e0000000)
  object space 373248K, 40% used [0x00000000a0000000,0x00000000a9242c10,0x00000000b6c80000)
 Metaspace       used 118457K, capacity 123398K, committed 123672K, reserved 1157120K
  class space    used 14925K, capacity 16029K, committed 16152K, reserved 1048576K
GC Heap History (10 events):
Event: 1228.704 GC heap before
{Heap before GC invocations=25 (full 3):
 PSYoungGen      total 365568K, used 63969K [0x00000000e0000000, 0x00000000fd980000, 0x0000000100000000)
  eden space 295936K, 9% used [0x00000000e0000000,0x00000000e1a74420,0x00000000f2100000)
  from space 69632K, 52% used [0x00000000f2100000,0x00000000f45041a0,0x00000000f6500000)
  to   space 68096K, 0% used [0x00000000f9700000,0x00000000f9700000,0x00000000fd980000)
 ParOldGen       total 252416K, used 106690K [0x00000000a0000000, 0x00000000af680000, 0x00000000e0000000)
  object space 252416K, 42% used [0x00000000a0000000,0x00000000a6830988,0x00000000af680000)
 Metaspace       used 94508K, capacity 98472K, committed 98584K, reserved 1134592K
  class space    used 12136K, capacity 13058K, committed 13080K, reserved 1048576K
Event: 1228.735 GC heap after
Heap after GC invocations=25 (full 3):
 PSYoungGen      total 417280K, used 41244K [0x00000000e0000000, 0x00000000fe200000, 0x0000000100000000)
  eden space 349184K, 0% used [0x00000000e0000000,0x00000000e0000000,0x00000000f5500000)
  from space 68096K, 60% used [0x00000000f9700000,0x00000000fbf47060,0x00000000fd980000)
  to   space 67584K, 0% used [0x00000000f5500000,0x00000000f5500000,0x00000000f9700000)
 ParOldGen       total 252416K, used 106789K [0x00000000a0000000, 0x00000000af680000, 0x00000000e0000000)
  object space 252416K, 42% used [0x00000000a0000000,0x00000000a6849598,0x00000000af680000)
 Metaspace       used 94508K, capacity 98472K, committed 98584K, reserved 1134592K
  class space    used 12136K, capacity 13058K, committed 13080K, reserved 1048576K
}
Event: 1228.735 GC heap before
{Heap before GC invocations=26 (full 4):
 PSYoungGen      total 417280K, used 41244K [0x00000000e0000000, 0x00000000fe200000, 0x0000000100000000)
  eden space 349184K, 0% used [0x00000000e0000000,0x00000000e0000000,0x00000000f5500000)
  from space 68096K, 60% used [0x00000000f9700000,0x00000000fbf47060,0x00000000fd980000)
  to   space 67584K, 0% used [0x00000000f5500000,0x00000000f5500000,0x00000000f9700000)
 ParOldGen       total 252416K, used 106789K [0x00000000a0000000, 0x00000000af680000, 0x00000000e0000000)
  object space 252416K, 42% used [0x00000000a0000000,0x00000000a6849598,0x00000000af680000)
 Metaspace       used 94508K, capacity 98472K, committed 98584K, reserved 1134592K
  class space    used 12136K, capacity 13058K, committed 13080K, reserved 1048576K
Event: 1228.972 GC heap after
Heap after GC invocations=26 (full 4):
 PSYoungGen      total 417280K, used 0K [0x00000000e0000000, 0x00000000fe200000, 0x0000000100000000)
  eden space 349184K, 0% used [0x00000000e0000000,0x00000000e0000000,0x00000000f5500000)
  from space 68096K, 0% used [0x00000000f9700000,0x00000000f9700000,0x00000000fd980000)
  to   space 67584K, 0% used [0x00000000f5500000,0x00000000f5500000,0x00000000f9700000)
 ParOldGen       total 373248K, used 87268K [0x00000000a0000000, 0x00000000b6c80000, 0x00000000e0000000)
  object space 373248K, 23% used [0x00000000a0000000,0x00000000a55390d8,0x00000000b6c80000)
 Metaspace       used 94508K, capacity 98472K, committed 98584K, reserved 1134592K
  class space    used 12136K, capacity 13058K, committed 13080K, reserved 1048576K
}
Event: 1232.479 GC heap before
{Heap before GC invocations=27 (full 4):
 PSYoungGen      total 417280K, used 349184K [0x00000000e0000000, 0x00000000fe200000, 0x0000000100000000)
  eden space 349184K, 100% used [0x00000000e0000000,0x00000000f5500000,0x00000000f5500000)
  from space 68096K, 0% used [0x00000000f9700000,0x00000000f9700000,0x00000000fd980000)
  to   space 67584K, 0% used [0x00000000f5500000,0x00000000f5500000,0x00000000f9700000)
 ParOldGen       total 373248K, used 87268K [0x00000000a0000000, 0x00000000b6c80000, 0x00000000e0000000)
  object space 373248K, 23% used [0x00000000a0000000,0x00000000a55390d8,0x00000000b6c80000)
 Metaspace       used 96480K, capacity 100686K, committed 100888K, reserved 1136640K
  class space    used 12284K, capacity 13211K, committed 13336K, reserved 1048576K
Event: 1232.537 GC heap after
Heap after GC invocations=27 (full 4):
 PSYoungGen      total 416768K, used 52693K [0x00000000e0000000, 0x0000000100000000, 0x0000000100000000)
  eden space 349184K, 0% used [0x00000000e0000000,0x00000000e0000000,0x00000000f5500000)
  from space 67584K, 77% used [0x00000000f5500000,0x00000000f8875560,0x00000000f9700000)
  to   space 71680K, 0% used [0x00000000fba00000,0x00000000fba00000,0x0000000100000000)
 ParOldGen       total 373248K, used 87276K [0x00000000a0000000, 0x00000000b6c80000, 0x00000000e0000000)
  object space 373248K, 23% used [0x00000000a0000000,0x00000000a553b0d8,0x00000000b6c80000)
 Metaspace       used 96480K, capacity 100686K, committed 100888K, reserved 1136640K
  class space    used 12284K, capacity 13211K, committed 13336K, reserved 1048576K
}
Event: 1236.247 GC heap before
{Heap before GC invocations=28 (full 4):
 PSYoungGen      total 416768K, used 401877K [0x00000000e0000000, 0x0000000100000000, 0x0000000100000000)
  eden space 349184K, 99% used [0x00000000e0000000,0x00000000f54fff10,0x00000000f5500000)
  from space 67584K, 77% used [0x00000000f5500000,0x00000000f8875560,0x00000000f9700000)
  to   space 71680K, 0% used [0x00000000fba00000,0x00000000fba00000,0x0000000100000000)
 ParOldGen       total 373248K, used 87276K [0x00000000a0000000, 0x00000000b6c80000, 0x00000000e0000000)
  object space 373248K, 23% used [0x00000000a0000000,0x00000000a553b0d8,0x00000000b6c80000)
 Metaspace       used 109764K, capacity 114266K, committed 114456K, reserved 1148928K
  class space    used 13836K, capacity 14871K, committed 14872K, reserved 1048576K
Event: 1236.300 GC heap after
Heap after GC invocations=28 (full 4):
 PSYoungGen      total 415744K, used 71679K [0x00000000e0000000, 0x0000000100000000, 0x0000000100000000)
  eden space 344064K, 0% used [0x00000000e0000000,0x00000000e0000000,0x00000000f5000000)
  from space 71680K, 99% used [0x00000000fba00000,0x00000000fffffdf0,0x0000000100000000)
  to   space 90112K, 0% used [0x00000000f5000000,0x00000000f5000000,0x00000000fa800000)
 ParOldGen       total 373248K, used 109866K [0x00000000a0000000, 0x00000000b6c80000, 0x00000000e0000000)
  object space 373248K, 29% used [0x00000000a0000000,0x00000000a6b4a9e0,0x00000000b6c80000)
 Metaspace       used 109764K, capacity 114266K, committed 114456K, reserved 1148928K
  class space    used 13836K, capacity 14871K, committed 14872K, reserved 1048576K
}
Event: 1239.727 GC heap before
{Heap before GC invocations=29 (full 4):
 PSYoungGen      total 415744K, used 415743K [0x00000000e0000000, 0x0000000100000000, 0x0000000100000000)
  eden space 344064K, 100% used [0x00000000e0000000,0x00000000f5000000,0x00000000f5000000)
  from space 71680K, 99% used [0x00000000fba00000,0x00000000fffffdf0,0x0000000100000000)
  to   space 90112K, 0% used [0x00000000f5000000,0x00000000f5000000,0x00000000fa800000)
 ParOldGen       total 373248K, used 109866K [0x00000000a0000000, 0x00000000b6c80000, 0x00000000e0000000)
  object space 373248K, 29% used [0x00000000a0000000,0x00000000a6b4a9e0,0x00000000b6c80000)
 Metaspace       used 117448K, capacity 122424K, committed 122776K, reserved 1157120K
  class space    used 14833K, capacity 15926K, committed 16024K, reserved 1048576K
Event: 1239.826 GC heap after
Heap after GC invocations=29 (full 4):
 PSYoungGen      total 434176K, used 90096K [0x00000000e0000000, 0x0000000100000000, 0x0000000100000000)
  eden space 344064K, 0% used [0x00000000e0000000,0x00000000e0000000,0x00000000f5000000)
  from space 90112K, 99% used [0x00000000f5000000,0x00000000fa7fc008,0x00000000fa800000)
  to   space 90112K, 0% used [0x00000000fa800000,0x00000000fa800000,0x0000000100000000)
 ParOldGen       total 373248K, used 149771K [0x00000000a0000000, 0x00000000b6c80000, 0x00000000e0000000)
  object space 373248K, 40% used [0x00000000a0000000,0x00000000a9242c10,0x00000000b6c80000)
 Metaspace       used 117448K, capacity 122424K, committed 122776K, reserved 1157120K
  class space    used 14833K, capacity 15926K, committed 16024K, reserved 1048576K
}

