# JRE version: OpenJDK Runtime Environment (8.0_242-b01) (build 1.8.0_242-release-1644-b01)
# Java VM: OpenJDK 64-Bit Server VM (25.242-b01 mixed mode windows-amd64 compressed oops)
Heap:
 PSYoungGen      total 412672K, used 306834K [0x00000000e0000000, 0x0000000100000000, 0x0000000100000000)
  eden space 306176K, 79% used [0x00000000e0000000,0x00000000eeef6058,0x00000000f2b00000)
  from space 106496K, 58% used [0x00000000f2b00000,0x00000000f67aeb88,0x00000000f9300000)
  to   space 109056K, 0% used [0x00000000f9580000,0x00000000f9580000,0x0000000100000000)
 ParOldGen       total 326656K, used 258897K [0x00000000a0000000, 0x00000000b3f00000, 0x00000000e0000000)
  object space 326656K, 79% used [0x00000000a0000000,0x00000000afcd4620,0x00000000b3f00000)
 Metaspace       used 105525K, capacity 108850K, committed 109184K, reserved 1146880K
  class space    used 13128K, capacity 13921K, committed 13952K, reserved 1048576K
GC Heap History (10 events):
Event: 254.332 GC heap before
{Heap before GC invocations=35 (full 4):
 PSYoungGen      total 333312K, used 291617K [0x00000000e0000000, 0x00000000fae80000, 0x0000000100000000)
  eden space 231424K, 100% used [0x00000000e0000000,0x00000000ee200000,0x00000000ee200000)
  from space 101888K, 59% used [0x00000000f4680000,0x00000000f8148598,0x00000000faa00000)
  to   space 102912K, 0% used [0x00000000ee200000,0x00000000ee200000,0x00000000f4680000)
 ParOldGen       total 326656K, used 149571K [0x00000000a0000000, 0x00000000b3f00000, 0x00000000e0000000)
  object space 326656K, 45% used [0x00000000a0000000,0x00000000a9210e78,0x00000000b3f00000)
 Metaspace       used 103534K, capacity 106784K, committed 107008K, reserved 1144832K
  class space    used 12972K, capacity 13750K, committed 13824K, reserved 1048576K
Event: 254.422 GC heap after
Heap after GC invocations=35 (full 4):
 PSYoungGen      total 334336K, used 4640K [0x00000000e0000000, 0x00000000fd880000, 0x0000000100000000)
  eden space 231424K, 0% used [0x00000000e0000000,0x00000000e0000000,0x00000000ee200000)
  from space 102912K, 4% used [0x00000000ee200000,0x00000000ee688000,0x00000000f4680000)
  to   space 103424K, 0% used [0x00000000f7380000,0x00000000f7380000,0x00000000fd880000)
 ParOldGen       total 326656K, used 204671K [0x00000000a0000000, 0x00000000b3f00000, 0x00000000e0000000)
  object space 326656K, 62% used [0x00000000a0000000,0x00000000ac7dfc70,0x00000000b3f00000)
 Metaspace       used 103534K, capacity 106784K, committed 107008K, reserved 1144832K
  class space    used 12972K, capacity 13750K, committed 13824K, reserved 1048576K
}
Event: 255.334 GC heap before
{Heap before GC invocations=36 (full 4):
 PSYoungGen      total 334336K, used 236064K [0x00000000e0000000, 0x00000000fd880000, 0x0000000100000000)
  eden space 231424K, 100% used [0x00000000e0000000,0x00000000ee200000,0x00000000ee200000)
  from space 102912K, 4% used [0x00000000ee200000,0x00000000ee688000,0x00000000f4680000)
  to   space 103424K, 0% used [0x00000000f7380000,0x00000000f7380000,0x00000000fd880000)
 ParOldGen       total 326656K, used 204671K [0x00000000a0000000, 0x00000000b3f00000, 0x00000000e0000000)
  object space 326656K, 62% used [0x00000000a0000000,0x00000000ac7dfc70,0x00000000b3f00000)
 Metaspace       used 103547K, capacity 106784K, committed 107008K, reserved 1144832K
  class space    used 12972K, capacity 13750K, committed 13824K, reserved 1048576K
Event: 255.345 GC heap after
Heap after GC invocations=36 (full 4):
 PSYoungGen      total 372224K, used 3904K [0x00000000e0000000, 0x00000000fd400000, 0x0000000100000000)
  eden space 273408K, 0% used [0x00000000e0000000,0x00000000e0000000,0x00000000f0b00000)
  from space 98816K, 3% used [0x00000000f7380000,0x00000000f7750000,0x00000000fd400000)
  to   space 102912K, 0% used [0x00000000f0b00000,0x00000000f0b00000,0x00000000f6f80000)
 ParOldGen       total 326656K, used 207295K [0x00000000a0000000, 0x00000000b3f00000, 0x00000000e0000000)
  object space 326656K, 63% used [0x00000000a0000000,0x00000000aca6fc70,0x00000000b3f00000)
 Metaspace       used 103547K, capacity 106784K, committed 107008K, reserved 1144832K
  class space    used 12972K, capacity 13750K, committed 13824K, reserved 1048576K
}
Event: 257.403 GC heap before
{Heap before GC invocations=37 (full 4):
 PSYoungGen      total 372224K, used 277312K [0x00000000e0000000, 0x00000000fd400000, 0x0000000100000000)
  eden space 273408K, 100% used [0x00000000e0000000,0x00000000f0b00000,0x00000000f0b00000)
  from space 98816K, 3% used [0x00000000f7380000,0x00000000f7750000,0x00000000fd400000)
  to   space 102912K, 0% used [0x00000000f0b00000,0x00000000f0b00000,0x00000000f6f80000)
 ParOldGen       total 326656K, used 207295K [0x00000000a0000000, 0x00000000b3f00000, 0x00000000e0000000)
  object space 326656K, 63% used [0x00000000a0000000,0x00000000aca6fc70,0x00000000b3f00000)
 Metaspace       used 104165K, capacity 107384K, committed 107520K, reserved 1144832K
  class space    used 13035K, capacity 13820K, committed 13824K, reserved 1048576K
Event: 257.422 GC heap after
Heap after GC invocations=37 (full 4):
 PSYoungGen      total 376320K, used 5781K [0x00000000e0000000, 0x00000000ff600000, 0x0000000100000000)
  eden space 273408K, 0% used [0x00000000e0000000,0x00000000e0000000,0x00000000f0b00000)
  from space 102912K, 5% used [0x00000000f0b00000,0x00000000f10a55f0,0x00000000f6f80000)
  to   space 101376K, 0% used [0x00000000f9300000,0x00000000f9300000,0x00000000ff600000)
 ParOldGen       total 326656K, used 209263K [0x00000000a0000000, 0x00000000b3f00000, 0x00000000e0000000)
  object space 326656K, 64% used [0x00000000a0000000,0x00000000acc5bc70,0x00000000b3f00000)
 Metaspace       used 104165K, capacity 107384K, committed 107520K, reserved 1144832K
  class space    used 13035K, capacity 13820K, committed 13824K, reserved 1048576K
}
Event: 260.197 GC heap before
{Heap before GC invocations=38 (full 4):
 PSYoungGen      total 376320K, used 279189K [0x00000000e0000000, 0x00000000ff600000, 0x0000000100000000)
  eden space 273408K, 100% used [0x00000000e0000000,0x00000000f0b00000,0x00000000f0b00000)
  from space 102912K, 5% used [0x00000000f0b00000,0x00000000f10a55f0,0x00000000f6f80000)
  to   space 101376K, 0% used [0x00000000f9300000,0x00000000f9300000,0x00000000ff600000)
 ParOldGen       total 326656K, used 209263K [0x00000000a0000000, 0x00000000b3f00000, 0x00000000e0000000)
  object space 326656K, 64% used [0x00000000a0000000,0x00000000acc5bc70,0x00000000b3f00000)
 Metaspace       used 104477K, capacity 107730K, committed 108160K, reserved 1144832K
  class space    used 13054K, capacity 13825K, committed 13952K, reserved 1048576K
Event: 260.321 GC heap after
Heap after GC invocations=38 (full 4):
 PSYoungGen      total 407552K, used 64772K [0x00000000e0000000, 0x0000000100000000, 0x0000000100000000)
  eden space 306176K, 0% used [0x00000000e0000000,0x00000000e0000000,0x00000000f2b00000)
  from space 101376K, 63% used [0x00000000f9300000,0x00000000fd2410b8,0x00000000ff600000)
  to   space 106496K, 0% used [0x00000000f2b00000,0x00000000f2b00000,0x00000000f9300000)
 ParOldGen       total 326656K, used 214182K [0x00000000a0000000, 0x00000000b3f00000, 0x00000000e0000000)
  object space 326656K, 65% used [0x00000000a0000000,0x00000000ad129850,0x00000000b3f00000)
 Metaspace       used 104477K, capacity 107730K, committed 108160K, reserved 1144832K
  class space    used 13054K, capacity 13825K, committed 13952K, reserved 1048576K
}
Event: 262.355 GC heap before
{Heap before GC invocations=39 (full 4):
 PSYoungGen      total 407552K, used 370948K [0x00000000e0000000, 0x0000000100000000, 0x0000000100000000)
  eden space 306176K, 100% used [0x00000000e0000000,0x00000000f2b00000,0x00000000f2b00000)
  from space 101376K, 63% used [0x00000000f9300000,0x00000000fd2410b8,0x00000000ff600000)
  to   space 106496K, 0% used [0x00000000f2b00000,0x00000000f2b00000,0x00000000f9300000)
 ParOldGen       total 326656K, used 214182K [0x00000000a0000000, 0x00000000b3f00000, 0x00000000e0000000)
  object space 326656K, 65% used [0x00000000a0000000,0x00000000ad129850,0x00000000b3f00000)
 Metaspace       used 104518K, capacity 107730K, committed 108160K, reserved 1144832K
  class space    used 13056K, capacity 13825K, committed 13952K, reserved 1048576K
Event: 262.534 GC heap after
Heap after GC invocations=39 (full 4):
 PSYoungGen      total 412672K, used 62138K [0x00000000e0000000, 0x0000000100000000, 0x0000000100000000)
  eden space 306176K, 0% used [0x00000000e0000000,0x00000000e0000000,0x00000000f2b00000)
  from space 106496K, 58% used [0x00000000f2b00000,0x00000000f67aeb88,0x00000000f9300000)
  to   space 109056K, 0% used [0x00000000f9580000,0x00000000f9580000,0x0000000100000000)
 ParOldGen       total 326656K, used 258897K [0x00000000a0000000, 0x00000000b3f00000, 0x00000000e0000000)
  object space 326656K, 79% used [0x00000000a0000000,0x00000000afcd4620,0x00000000b3f00000)
 Metaspace       used 104518K, capacity 107730K, committed 108160K, reserved 1144832K
  class space    used 13056K, capacity 13825K, committed 13952K, reserved 1048576K
}

